


ARM Macro Assembler    Page 1 


    1 00000000                 AREA             ONESANDZERO, CODE, READONLY
    2 00000000         ENTRY
    3 00000000 E3A00005        MOV              R0, #5      ;
    4 00000004 E1A01000        MOV              R1, R0      ;
    5 00000008 E2511001 
                       FACT    SUBS             R1, R1, #1  ;
    6 0000000C E3510001        CMP              R1, #1      ;
    7 00000010 0A000002        BEQ              STOP
    8 00000014 E0030190        MUL              R3, R0, R1  ;
    9 00000018 E1A00003        MOV              R0, R3      ;
   10 0000001C 1AFFFFF9        BNE              FACT
   11 00000020 EAFFFFFE 
                       STOP    B                STOP
   12 00000024         END
                       
Command Line: --debug --xref --apcs=interwork --depend=.\fact.d -o.\fact.o -I"C
:\Program Files\Keil\ARM\RV31\INC" -I"C:\Program Files\Keil\ARM\CMSIS\Include" 
-I"C:\Program Files\Keil\ARM\Inc\Philips" --predefine="__EVAL SETA 1" --list=.\
fact.lst fact.s



ARM Macro Assembler    Page 1 Alphabetic symbol ordering
Relocatable symbols

END 00000024

Symbol: END
   Definitions
      At line 12 in file fact.s
   Uses
      None
Comment: END unused
ENTRY 00000000

Symbol: ENTRY
   Definitions
      At line 2 in file fact.s
   Uses
      None
Comment: ENTRY unused
FACT 00000008

Symbol: FACT
   Definitions
      At line 5 in file fact.s
   Uses
      At line 10 in file fact.s
Comment: FACT used once
ONESANDZERO 00000000

Symbol: ONESANDZERO
   Definitions
      At line 1 in file fact.s
   Uses
      None
Comment: ONESANDZERO unused
STOP 00000020

Symbol: STOP
   Definitions
      At line 11 in file fact.s
   Uses
      At line 7 in file fact.s
      At line 11 in file fact.s

5 symbols
336 symbols in table
