


ARM Macro Assembler    Page 1 


    1 00000000                 AREA             MULTIPLICATION, CODE, READONLY
    2 00000000         ENTRY
    3 00000000         START
    4 00000000 E59F1008        LDR              R1,=0x1114
    5 00000004 E59F2008        LDR              R2,=0x1116
    6 00000008 E0030291        MUL              R3,R1,R2    ;
    7 0000000C EAFFFFFE 
                       STOP    B                STOP
    8 00000010         END
                       
              00001114 
              00001116 
Command Line: --debug --xref --apcs=interwork --depend=.\add.d -o.\add.o -I"C:\
Program Files\Keil\ARM\RV31\INC" -I"C:\Program Files\Keil\ARM\CMSIS\Include" -I
"C:\Program Files\Keil\ARM\Inc\Philips" --predefine="__EVAL SETA 1" --list=.\ad
d.lst add.s



ARM Macro Assembler    Page 1 Alphabetic symbol ordering
Relocatable symbols

END 00000010

Symbol: END
   Definitions
      At line 8 in file add.s
   Uses
      None
Comment: END unused
ENTRY 00000000

Symbol: ENTRY
   Definitions
      At line 2 in file add.s
   Uses
      None
Comment: ENTRY unused
MULTIPLICATION 00000000

Symbol: MULTIPLICATION
   Definitions
      At line 1 in file add.s
   Uses
      None
Comment: MULTIPLICATION unused
START 00000000

Symbol: START
   Definitions
      At line 3 in file add.s
   Uses
      None
Comment: START unused
STOP 0000000C

Symbol: STOP
   Definitions
      At line 7 in file add.s
   Uses
      At line 7 in file add.s
Comment: STOP used once
5 symbols
338 symbols in table
