


ARM Macro Assembler    Page 1 


    1 00000000                 AREA             ONESANDZERO, CODE, READONLY
    2 00000000         ENTRY
    3 00000000 E3A01000        MOV              R1, #0      ; TO COUNT NO OF 1'
                                                            S
    4 00000004 E3A02000        MOV              R2, #0      ; TO COUNT NO OF O'
                                                            S
    5 00000008 E3A03002        MOV              R3, #2      ; NUMBER OF DATA
    6 0000000C E59F4038        LDR              R4, =VALUE
    7 00000010         LOOP2
    8 00000010 E3A05020        MOV              R5, #32     ;
    9 00000014 E5946000        LDR              R6, [R4]    ;
   10 00000018         LOOP0
   11 00000018 E1B060E6        MOVS             R6, R6, ROR #1 ;
   12 0000001C 8A000001        BHI              ONES
   13 00000020 E2822001        ADD              R2, R2, #1  ;
   14 00000024 EA000000        B                LOOP1
   15 00000028         ONES
   16 00000028 E2811001        ADD              R1, R1,#1   ;
   17 0000002C         LOOP1
   18 0000002C E2555001        SUBS             R5, R5, #1  ;
   19 00000030 1AFFFFF8        BNE              LOOP0
   20 00000034 E2533001        SUBS             R3, R3, #1  ;
   21 00000038 E59F4010        LDR              R4, =VALUE1
   22 0000003C 1AFFFFF3        BNE              LOOP2
   23 00000040 EAFFFFFE 
                       STOP    B                STOP
   24 00000044 00000003 
                       VALUE   DCD              0X3
   25 00000048 00000002 
                       VALUE1  DCD              0X2
   26 0000004C         END
                       
              00000000 
              00000000 
Command Line: --debug --xref --apcs=interwork --depend=.\ones.d -o.\ones.o -I"C
:\Program Files\Keil\ARM\RV31\INC" -I"C:\Program Files\Keil\ARM\CMSIS\Include" 
-I"C:\Program Files\Keil\ARM\Inc\Philips" --predefine="__EVAL SETA 1" --list=.\
ones.lst ones.s



ARM Macro Assembler    Page 1 Alphabetic symbol ordering
Relocatable symbols

END 0000004C

Symbol: END
   Definitions
      At line 26 in file ones.s
   Uses
      None
Comment: END unused
ENTRY 00000000

Symbol: ENTRY
   Definitions
      At line 2 in file ones.s
   Uses
      None
Comment: ENTRY unused
LOOP0 00000018

Symbol: LOOP0
   Definitions
      At line 10 in file ones.s
   Uses
      At line 19 in file ones.s
Comment: LOOP0 used once
LOOP1 0000002C

Symbol: LOOP1
   Definitions
      At line 17 in file ones.s
   Uses
      At line 14 in file ones.s
Comment: LOOP1 used once
LOOP2 00000010

Symbol: LOOP2
   Definitions
      At line 7 in file ones.s
   Uses
      At line 22 in file ones.s
Comment: LOOP2 used once
ONES 00000028

Symbol: ONES
   Definitions
      At line 15 in file ones.s
   Uses
      At line 12 in file ones.s
Comment: ONES used once
ONESANDZERO 00000000

Symbol: ONESANDZERO
   Definitions
      At line 1 in file ones.s
   Uses
      None
Comment: ONESANDZERO unused
STOP 00000040

Symbol: STOP



ARM Macro Assembler    Page 2 Alphabetic symbol ordering
Relocatable symbols

   Definitions
      At line 23 in file ones.s
   Uses
      At line 23 in file ones.s
Comment: STOP used once
VALUE 00000044

Symbol: VALUE
   Definitions
      At line 24 in file ones.s
   Uses
      At line 6 in file ones.s
Comment: VALUE used once
VALUE1 00000048

Symbol: VALUE1
   Definitions
      At line 25 in file ones.s
   Uses
      At line 21 in file ones.s
Comment: VALUE1 used once
10 symbols
343 symbols in table
