


ARM Macro Assembler    Page 1 


    1 00000000         ; DESCENDING ORDER:-
    2 00000000                 AREA             DECENDING, CODE, READONLY
    3 00000000         ENTRY
    4 00000000 E3A00003        MOV              R0, #0X03   ;
    5 00000004         NXT
    6 00000004 E3A01003        MOV              R1, #03     ;
    7 00000008 E3A02101        MOV              R2, #0X40000000 ;
    8 0000000C         COMPARE
    9 0000000C E5923000        LDR              R3, [R2]
   10 00000010 E2822004        ADD              R2, R2, #04 ;
   11 00000014 E5924000        LDR              R4, [R2]
   12 00000018 E1530004        CMP              R3, R4      ;
   13 0000001C BA000003        BLT              NOEXCHANGE
   14 00000020 E5823000        STR              R3, [R2]    ;
   15 00000024 E2422004        SUB              R2, R2, #04 ;
   16 00000028 E5824000        STR              R4, [R2]
   17 0000002C E2822004        ADD              R2, R2, #04
   18 00000030         NOEXCHANGE
   19 00000030 E2411001        SUB              R1, R1, #01 ;
   20 00000034 E3510000        CMP              R1,#00      ;
   21 00000038 1AFFFFF3        BNE              COMPARE
   22 0000003C E2400001        SUB              R0, R0, #01 ;
   23 00000040 E3500000        CMP              R0, #00
   24 00000044 1AFFFFEE        BNE              NXT
   25 00000048 EAFFFFFE 
                       STOP    B                STOP
   26 0000004C         END
                       
Command Line: --debug --xref --apcs=interwork --depend=.\ascen.d -o.\ascen.o -I
"C:\Program Files\Keil\ARM\RV31\INC" -I"C:\Program Files\Keil\ARM\CMSIS\Include
" -I"C:\Program Files\Keil\ARM\Inc\Philips" --predefine="__EVAL SETA 1" --list=
.\ascen.lst ascen.s



ARM Macro Assembler    Page 1 Alphabetic symbol ordering
Relocatable symbols

COMPARE 0000000C

Symbol: COMPARE
   Definitions
      At line 8 in file ascen.s
   Uses
      At line 21 in file ascen.s
Comment: COMPARE used once
DECENDING 00000000

Symbol: DECENDING
   Definitions
      At line 2 in file ascen.s
   Uses
      None
Comment: DECENDING unused
END 0000004C

Symbol: END
   Definitions
      At line 26 in file ascen.s
   Uses
      None
Comment: END unused
ENTRY 00000000

Symbol: ENTRY
   Definitions
      At line 3 in file ascen.s
   Uses
      None
Comment: ENTRY unused
NOEXCHANGE 00000030

Symbol: NOEXCHANGE
   Definitions
      At line 18 in file ascen.s
   Uses
      At line 13 in file ascen.s
Comment: NOEXCHANGE used once
NXT 00000004

Symbol: NXT
   Definitions
      At line 5 in file ascen.s
   Uses
      At line 24 in file ascen.s
Comment: NXT used once
STOP 00000048

Symbol: STOP
   Definitions
      At line 25 in file ascen.s
   Uses
      At line 25 in file ascen.s
Comment: STOP used once
7 symbols
338 symbols in table
